running egg_info
creating ../build/example_pkg/example_pkg.egg-info
writing ../build/example_pkg/example_pkg.egg-info/PKG-INFO
writing dependency_links to ../build/example_pkg/example_pkg.egg-info/dependency_links.txt
writing entry points to ../build/example_pkg/example_pkg.egg-info/entry_points.txt
writing requirements to ../build/example_pkg/example_pkg.egg-info/requires.txt
writing top-level names to ../build/example_pkg/example_pkg.egg-info/top_level.txt
writing manifest file '../build/example_pkg/example_pkg.egg-info/SOURCES.txt'
reading manifest file '../build/example_pkg/example_pkg.egg-info/SOURCES.txt'
writing manifest file '../build/example_pkg/example_pkg.egg-info/SOURCES.txt'
running build
running build_py
creating /home/arpan/Desktop/colcon_ws/src/IRIS-2023/build/example_pkg/build
creating /home/arpan/Desktop/colcon_ws/src/IRIS-2023/build/example_pkg/build/lib
creating /home/arpan/Desktop/colcon_ws/src/IRIS-2023/build/example_pkg/build/lib/example_pkg
copying example_pkg/publisher_member_function.py -> /home/arpan/Desktop/colcon_ws/src/IRIS-2023/build/example_pkg/build/lib/example_pkg
copying example_pkg/__init__.py -> /home/arpan/Desktop/colcon_ws/src/IRIS-2023/build/example_pkg/build/lib/example_pkg
copying example_pkg/subscriber_member_function.py -> /home/arpan/Desktop/colcon_ws/src/IRIS-2023/build/example_pkg/build/lib/example_pkg
running install
running install_lib
creating /home/arpan/Desktop/colcon_ws/src/IRIS-2023/install/example_pkg/lib/python3.10/site-packages/example_pkg
copying /home/arpan/Desktop/colcon_ws/src/IRIS-2023/build/example_pkg/build/lib/example_pkg/publisher_member_function.py -> /home/arpan/Desktop/colcon_ws/src/IRIS-2023/install/example_pkg/lib/python3.10/site-packages/example_pkg
copying /home/arpan/Desktop/colcon_ws/src/IRIS-2023/build/example_pkg/build/lib/example_pkg/__init__.py -> /home/arpan/Desktop/colcon_ws/src/IRIS-2023/install/example_pkg/lib/python3.10/site-packages/example_pkg
copying /home/arpan/Desktop/colcon_ws/src/IRIS-2023/build/example_pkg/build/lib/example_pkg/subscriber_member_function.py -> /home/arpan/Desktop/colcon_ws/src/IRIS-2023/install/example_pkg/lib/python3.10/site-packages/example_pkg
byte-compiling /home/arpan/Desktop/colcon_ws/src/IRIS-2023/install/example_pkg/lib/python3.10/site-packages/example_pkg/publisher_member_function.py to publisher_member_function.cpython-310.pyc
byte-compiling /home/arpan/Desktop/colcon_ws/src/IRIS-2023/install/example_pkg/lib/python3.10/site-packages/example_pkg/__init__.py to __init__.cpython-310.pyc
byte-compiling /home/arpan/Desktop/colcon_ws/src/IRIS-2023/install/example_pkg/lib/python3.10/site-packages/example_pkg/subscriber_member_function.py to subscriber_member_function.cpython-310.pyc
running install_data
creating /home/arpan/Desktop/colcon_ws/src/IRIS-2023/install/example_pkg/share/ament_index
creating /home/arpan/Desktop/colcon_ws/src/IRIS-2023/install/example_pkg/share/ament_index/resource_index
creating /home/arpan/Desktop/colcon_ws/src/IRIS-2023/install/example_pkg/share/ament_index/resource_index/packages
copying resource/example_pkg -> /home/arpan/Desktop/colcon_ws/src/IRIS-2023/install/example_pkg/share/ament_index/resource_index/packages
copying package.xml -> /home/arpan/Desktop/colcon_ws/src/IRIS-2023/install/example_pkg/share/example_pkg
running install_egg_info
Copying ../build/example_pkg/example_pkg.egg-info to /home/arpan/Desktop/colcon_ws/src/IRIS-2023/install/example_pkg/lib/python3.10/site-packages/example_pkg-0.0.0-py3.10.egg-info
running install_scripts
Installing listener script to /home/arpan/Desktop/colcon_ws/src/IRIS-2023/install/example_pkg/lib/example_pkg
Installing talker script to /home/arpan/Desktop/colcon_ws/src/IRIS-2023/install/example_pkg/lib/example_pkg
writing list of installed files to '/home/arpan/Desktop/colcon_ws/src/IRIS-2023/build/example_pkg/install.log'
