[0.479s] Invoking command in '/home/arpan/Desktop/colcon_ws/src/IRIS-2023/build/navigation-c': CMAKE_PREFIX_PATH=/home/arpan/Desktop/colcon_ws/install/navigation:/home/arpan/Desktop/colcon_ws/install/example_pkg:/opt/ros/humble /usr/bin/cmake /home/arpan/Desktop/colcon_ws/src/IRIS-2023/navigation-c -DCMAKE_INSTALL_PREFIX=/home/arpan/Desktop/colcon_ws/src/IRIS-2023/install/navigation-c
[0.553s] -- The C compiler identification is GNU 11.2.0
[0.619s] -- The CXX compiler identification is GNU 11.2.0
[0.633s] -- Detecting C compiler ABI info
[0.743s] -- Detecting C compiler ABI info - done
[0.749s] -- Check for working C compiler: /usr/bin/cc - skipped
[0.750s] -- Detecting C compile features
[0.750s] -- Detecting C compile features - done
[0.755s] -- Detecting CXX compiler ABI info
[0.881s] -- Detecting CXX compiler ABI info - done
[0.887s] -- Check for working CXX compiler: /usr/bin/c++ - skipped
[0.887s] -- Detecting CXX compile features
[0.889s] -- Detecting CXX compile features - done
[0.890s] -- Found ament_cmake: 1.3.2 (/opt/ros/humble/share/ament_cmake/cmake)
[1.124s] -- Found Python3: /usr/bin/python3.10 (found version "3.10.4") found components: Interpreter 
[1.270s] -- Found ament_lint_auto: 0.12.4 (/opt/ros/humble/share/ament_lint_auto/cmake)
[1.347s] -- Added test 'flake8' to check Python code syntax and style conventions
[1.347s] -- Added test 'lint_cmake' to check CMake code style
[1.348s] -- Added test 'pep257' to check Python code against some of the docstring style conventions in PEP 257
[1.348s] -- Added test 'xmllint' to check XML markup files
[1.350s] -- Configuring done
[1.357s] -- Generating done
[1.358s] -- Build files have been written to: /home/arpan/Desktop/colcon_ws/src/IRIS-2023/build/navigation-c
[1.370s] Invoked command in '/home/arpan/Desktop/colcon_ws/src/IRIS-2023/build/navigation-c' returned '0': CMAKE_PREFIX_PATH=/home/arpan/Desktop/colcon_ws/install/navigation:/home/arpan/Desktop/colcon_ws/install/example_pkg:/opt/ros/humble /usr/bin/cmake /home/arpan/Desktop/colcon_ws/src/IRIS-2023/navigation-c -DCMAKE_INSTALL_PREFIX=/home/arpan/Desktop/colcon_ws/src/IRIS-2023/install/navigation-c
[1.371s] Invoking command in '/home/arpan/Desktop/colcon_ws/src/IRIS-2023/build/navigation-c': CMAKE_PREFIX_PATH=/home/arpan/Desktop/colcon_ws/install/navigation:/home/arpan/Desktop/colcon_ws/install/example_pkg:/opt/ros/humble /usr/bin/cmake --build /home/arpan/Desktop/colcon_ws/src/IRIS-2023/build/navigation-c -- -j4 -l4
[1.413s] Invoked command in '/home/arpan/Desktop/colcon_ws/src/IRIS-2023/build/navigation-c' returned '0': CMAKE_PREFIX_PATH=/home/arpan/Desktop/colcon_ws/install/navigation:/home/arpan/Desktop/colcon_ws/install/example_pkg:/opt/ros/humble /usr/bin/cmake --build /home/arpan/Desktop/colcon_ws/src/IRIS-2023/build/navigation-c -- -j4 -l4
[1.463s] Invoking command in '/home/arpan/Desktop/colcon_ws/src/IRIS-2023/build/navigation-c': CMAKE_PREFIX_PATH=/home/arpan/Desktop/colcon_ws/install/navigation:/home/arpan/Desktop/colcon_ws/install/example_pkg:/opt/ros/humble /usr/bin/cmake --install /home/arpan/Desktop/colcon_ws/src/IRIS-2023/build/navigation-c
[1.474s] -- Install configuration: ""
[1.474s] -- Installing: /home/arpan/Desktop/colcon_ws/src/IRIS-2023/install/navigation-c/share/navigation-c/src
[1.474s] -- Installing: /home/arpan/Desktop/colcon_ws/src/IRIS-2023/install/navigation-c/share/navigation-c/src/models
[1.475s] -- Installing: /home/arpan/Desktop/colcon_ws/src/IRIS-2023/install/navigation-c/share/navigation-c/src/models/robot_configuration.urdf
[1.475s] -- Installing: /home/arpan/Desktop/colcon_ws/src/IRIS-2023/install/navigation-c/share/navigation-c/launch
[1.475s] -- Installing: /home/arpan/Desktop/colcon_ws/src/IRIS-2023/install/navigation-c/share/navigation-c/launch/display.launch.py
[1.475s] -- Installing: /home/arpan/Desktop/colcon_ws/src/IRIS-2023/install/navigation-c/share/navigation-c/rviz
[1.475s] -- Installing: /home/arpan/Desktop/colcon_ws/src/IRIS-2023/install/navigation-c/share/navigation-c/rviz/urdf_config.rviz
[1.475s] -- Installing: /home/arpan/Desktop/colcon_ws/src/IRIS-2023/install/navigation-c/share/ament_index/resource_index/package_run_dependencies/navigation-c
[1.475s] -- Installing: /home/arpan/Desktop/colcon_ws/src/IRIS-2023/install/navigation-c/share/ament_index/resource_index/parent_prefix_path/navigation-c
[1.475s] -- Installing: /home/arpan/Desktop/colcon_ws/src/IRIS-2023/install/navigation-c/share/navigation-c/environment/ament_prefix_path.sh
[1.475s] -- Installing: /home/arpan/Desktop/colcon_ws/src/IRIS-2023/install/navigation-c/share/navigation-c/environment/ament_prefix_path.dsv
[1.475s] -- Installing: /home/arpan/Desktop/colcon_ws/src/IRIS-2023/install/navigation-c/share/navigation-c/environment/path.sh
[1.475s] -- Installing: /home/arpan/Desktop/colcon_ws/src/IRIS-2023/install/navigation-c/share/navigation-c/environment/path.dsv
[1.475s] -- Installing: /home/arpan/Desktop/colcon_ws/src/IRIS-2023/install/navigation-c/share/navigation-c/local_setup.bash
[1.475s] -- Installing: /home/arpan/Desktop/colcon_ws/src/IRIS-2023/install/navigation-c/share/navigation-c/local_setup.sh
[1.475s] -- Installing: /home/arpan/Desktop/colcon_ws/src/IRIS-2023/install/navigation-c/share/navigation-c/local_setup.zsh
[1.476s] -- Installing: /home/arpan/Desktop/colcon_ws/src/IRIS-2023/install/navigation-c/share/navigation-c/local_setup.dsv
[1.476s] -- Installing: /home/arpan/Desktop/colcon_ws/src/IRIS-2023/install/navigation-c/share/navigation-c/package.dsv
[1.476s] -- Installing: /home/arpan/Desktop/colcon_ws/src/IRIS-2023/install/navigation-c/share/ament_index/resource_index/packages/navigation-c
[1.476s] -- Installing: /home/arpan/Desktop/colcon_ws/src/IRIS-2023/install/navigation-c/share/navigation-c/cmake/navigation-cConfig.cmake
[1.477s] -- Installing: /home/arpan/Desktop/colcon_ws/src/IRIS-2023/install/navigation-c/share/navigation-c/cmake/navigation-cConfig-version.cmake
[1.477s] -- Installing: /home/arpan/Desktop/colcon_ws/src/IRIS-2023/install/navigation-c/share/navigation-c/package.xml
[1.481s] Invoked command in '/home/arpan/Desktop/colcon_ws/src/IRIS-2023/build/navigation-c' returned '0': CMAKE_PREFIX_PATH=/home/arpan/Desktop/colcon_ws/install/navigation:/home/arpan/Desktop/colcon_ws/install/example_pkg:/opt/ros/humble /usr/bin/cmake --install /home/arpan/Desktop/colcon_ws/src/IRIS-2023/build/navigation-c
