running egg_info
creating ../build/navigation/navigation.egg-info
writing ../build/navigation/navigation.egg-info/PKG-INFO
writing dependency_links to ../build/navigation/navigation.egg-info/dependency_links.txt
writing entry points to ../build/navigation/navigation.egg-info/entry_points.txt
writing requirements to ../build/navigation/navigation.egg-info/requires.txt
writing top-level names to ../build/navigation/navigation.egg-info/top_level.txt
writing manifest file '../build/navigation/navigation.egg-info/SOURCES.txt'
reading manifest file '../build/navigation/navigation.egg-info/SOURCES.txt'
writing manifest file '../build/navigation/navigation.egg-info/SOURCES.txt'
running build
running build_py
creating /home/arpan/Desktop/colcon_ws/src/IRIS-2023/build/navigation/build
creating /home/arpan/Desktop/colcon_ws/src/IRIS-2023/build/navigation/build/lib
creating /home/arpan/Desktop/colcon_ws/src/IRIS-2023/build/navigation/build/lib/navigation
copying navigation/__init__.py -> /home/arpan/Desktop/colcon_ws/src/IRIS-2023/build/navigation/build/lib/navigation
running install
running install_lib
creating /home/arpan/Desktop/colcon_ws/src/IRIS-2023/install/navigation/lib/python3.10/site-packages/navigation
copying /home/arpan/Desktop/colcon_ws/src/IRIS-2023/build/navigation/build/lib/navigation/__init__.py -> /home/arpan/Desktop/colcon_ws/src/IRIS-2023/install/navigation/lib/python3.10/site-packages/navigation
byte-compiling /home/arpan/Desktop/colcon_ws/src/IRIS-2023/install/navigation/lib/python3.10/site-packages/navigation/__init__.py to __init__.cpython-310.pyc
running install_data
creating /home/arpan/Desktop/colcon_ws/src/IRIS-2023/install/navigation/share/ament_index
creating /home/arpan/Desktop/colcon_ws/src/IRIS-2023/install/navigation/share/ament_index/resource_index
creating /home/arpan/Desktop/colcon_ws/src/IRIS-2023/install/navigation/share/ament_index/resource_index/packages
copying resource/navigation -> /home/arpan/Desktop/colcon_ws/src/IRIS-2023/install/navigation/share/ament_index/resource_index/packages
copying package.xml -> /home/arpan/Desktop/colcon_ws/src/IRIS-2023/install/navigation/share/navigation
running install_egg_info
Copying ../build/navigation/navigation.egg-info to /home/arpan/Desktop/colcon_ws/src/IRIS-2023/install/navigation/lib/python3.10/site-packages/navigation-0.0.0-py3.10.egg-info
running install_scripts
writing list of installed files to '/home/arpan/Desktop/colcon_ws/src/IRIS-2023/build/navigation/install.log'
